2023-09-24 15:26:42.716 [main] INFO  api.test.userTest - ***************** Creating User *****************
2023-09-24 15:26:47.085 [main] INFO  api.test.userTest - HTTP Response Body:
{"code":200,"type":"unknown","message":"1870749311"}
2023-09-24 15:26:47.085 [main] INFO  api.test.userTest - ***************** User is Created *****************
2023-09-24 15:26:47.265 [main] INFO  api.test.userTest - ***************** Read user Info *****************
2023-09-24 15:26:48.845 [main] INFO  api.test.userTest - HTTP Response Body:
{"id":1870749311,"username":"darren.hayes","firstName":"Leisha","lastName":"Lemke","email":"3t90vsssa8ewtc","phone":"1-656-708-6901","userStatus":0}
2023-09-24 15:26:48.846 [main] INFO  api.test.userTest - ***************** User Info is displayed *****************
2023-09-24 15:26:48.849 [main] INFO  api.test.userTest - ***************** Updating User *****************
2023-09-24 15:26:50.780 [main] INFO  api.test.userTest - HTTP Response Body:
{"code":200,"type":"unknown","message":"1870749311"}
2023-09-24 15:26:50.822 [main] INFO  api.test.userTest - ***************** Read user Info *****************
2023-09-24 15:26:52.225 [main] INFO  api.test.userTest - HTTP Response Body:
{"id":1870749311,"username":"darren.hayes","firstName":"Altagracia","lastName":"McDermott","email":"3t90vsssa8ewtc","phone":"1-656-708-6901","userStatus":0}
2023-09-24 15:26:52.225 [main] INFO  api.test.userTest - ***************** User Info is displayed *****************
2023-09-24 15:26:52.225 [main] INFO  api.test.userTest - ***************** User is updated *****************
2023-09-24 15:26:52.227 [main] INFO  api.test.userTest - ***************** Deleting User *****************
2023-09-24 15:26:53.500 [main] INFO  api.test.userTest - HTTP Response Body:
{"code":200,"type":"unknown","message":"darren.hayes"}
2023-09-24 15:26:53.501 [main] INFO  api.test.userTest - ***************** User is Deleted *****************
