2023-09-24 15:18:54.783 [main] INFO  api.test.userTest - ***************** Creating User *****************
2023-09-24 15:18:58.819 [main] INFO  api.test.userTest - HTTP Response Body:
{"code":200,"type":"unknown","message":"1870749311"}
2023-09-24 15:18:58.819 [main] INFO  api.test.userTest - ***************** User is Created *****************
2023-09-24 15:18:58.993 [main] INFO  api.test.userTest - ***************** Read user Info *****************
2023-09-24 15:19:00.460 [main] INFO  api.test.userTest - HTTP Response Body:
{"id":1870749311,"username":"brittany.dare","firstName":"Kendrick","lastName":"Lesch","email":"t4bwt3jzobw","phone":"923.482.3396","userStatus":0}
2023-09-24 15:19:00.460 [main] INFO  api.test.userTest - ***************** User Info is displayed *****************
2023-09-24 15:19:00.462 [main] INFO  api.test.userTest - ***************** Updating User *****************
2023-09-24 15:19:01.714 [main] INFO  api.test.userTest - HTTP Response Body:
{"code":200,"type":"unknown","message":"1870749311"}
2023-09-24 15:19:01.734 [main] INFO  api.test.userTest - ***************** Read user Info *****************
2023-09-24 15:19:03.153 [main] INFO  api.test.userTest - HTTP Response Body:
{"id":1870749311,"username":"brittany.dare","firstName":"Carmel","lastName":"Hickle","email":"t4bwt3jzobw","phone":"923.482.3396","userStatus":0}
2023-09-24 15:19:03.153 [main] INFO  api.test.userTest - ***************** User Info is displayed *****************
2023-09-24 15:19:03.153 [main] INFO  api.test.userTest - ***************** User is updated *****************
2023-09-24 15:19:03.155 [main] INFO  api.test.userTest - ***************** Deleting User *****************
2023-09-24 15:19:04.448 [main] INFO  api.test.userTest - HTTP Response Body:
{"code":200,"type":"unknown","message":"brittany.dare"}
2023-09-24 15:19:04.449 [main] INFO  api.test.userTest - ***************** User is Deleted *****************
